Terminals which are not used

   tELSE


State 3 conflicts: 2 shift/reduce
State 9 conflicts: 2 shift/reduce
State 10 conflicts: 1 shift/reduce
State 35 conflicts: 1 shift/reduce


Grammar

    0 $accept: Main $end

    1 Main: tMAIN Block

    2 Block: tOBRACKET Declarations Instructions tCBRACKET

    3 Declarations: Declaration Declarations
    4             | /* empty */

    5 Declaration: tCONST tINT tVAR tSEMICOLON
    6            | tINT tVAR tSEMICOLON
    7            | tCONST tINT AssignmentConst tSEMICOLON
    8            | tINT AssignmentInt tSEMICOLON

    9 AssignmentInt: tVAR tVIR AssignmentInt
   10              | tVAR tEQ tVAR tVIR AssignmentInt
   11              | tVAR tEQ tLESS tVAR tVIR AssignmentInt
   12              | tVAR tEQ tVAR
   13              | tVAR tEQ tLESS tVAR
   14              | tVAR tEQ tNUM tVIR AssignmentInt
   15              | tVAR tEQ tLESS tNUM tVIR AssignmentInt
   16              | tVAR tEQ tNUM
   17              | tVAR tEQ tLESS tNUM
   18              | tVAR tEQ tEXPO tVIR AssignmentInt
   19              | tVAR tEQ tLESS tEXPO tVIR AssignmentInt
   20              | tVAR tEQ tEXPO
   21              | tVAR tEQ tLESS tEXPO
   22              | tVAR

   23 AssignmentConst: tNUM tVIR AssignmentConst
   24                | tVAR tVIR AssignmentConst
   25                | tVAR tEQ AssignmentConst
   26                | tVAR
   27                | tEXPO
   28                | tNUM

   29 Assignment: tNUM tVIR Assignment
   30           | tVAR tVIR Assignment
   31           | tVAR tEQ Assignment
   32           | tNUM
   33           | tVAR
   34           | tEXPO

   35 Instructions: Instruction Instructions
   36             | /* empty */

   37 Instruction: Operation tSEMICOLON
   38            | Statement

   39 Operation: tOPAR Operation tCPAR
   40          | Operation tPLUS Operation
   41          | Operation tLESS Operation
   42          | Operation tMUL Operation
   43          | Operation tDIV Operation
   44          | tVAR tEQ Operation
   45          | tLESS Operation
   46          | tNUM
   47          | tVAR
   48          | tEXPO

   49 Statement: While
   50          | If
   51          | Printf
   52          | Declaration
   53          | tSEMICOLON

   54 While: tWHILE tOPAR Expressions tCPAR Statement
   55      | tWHILE tOPAR Expressions tCPAR tOBRACKET Instructions tCBRACKET

   56 If: tIF tOPAR Expression tCPAR Statement

   57 Printf: tPRINTF tOPAR tVAR tCPAR tSEMICOLON

   58 Expressions: Expression Expressions
   59            | /* empty */

   60 Expression: Assignment tEQUAL Assignment
   61           | Assignment tNE Assignment
   62           | Assignment tLE Assignment
   63           | Assignment tLT Assignment
   64           | Assignment tGE Assignment
   65           | Assignment tGT Assignment
   66           | Assignment


Terminals, with rules where they appear

$end (0) 0
error (256)
tLE (258) 62
tLT (259) 63
tGE (260) 64
tGT (261) 65
tNE (262) 61
tEQUAL (263) 60
tVAR (264) 5 6 9 10 11 12 13 14 15 16 17 18 19 20 21 22 24 25 26 30
    31 33 44 47 57
tNUM (265) 14 15 16 17 23 28 29 32 46
tEXPO (266) 18 19 20 21 27 34 48
tOPAR (267) 39 54 55 56 57
tCPAR (268) 39 54 55 56 57
tVIR (269) 9 10 11 14 15 18 19 23 24 29 30
tSEMICOLON (270) 5 6 7 8 37 53 57
tEQ (271) 10 11 12 13 14 15 16 17 18 19 20 21 25 31 44
tPLUS (272) 40
tLESS (273) 11 13 15 17 19 21 41 45
tMUL (274) 42
tDIV (275) 43
tWHILE (276) 54 55
tIF (277) 56
tELSE (278)
tPRINTF (279) 57
tOBRACKET (280) 2 55
tCBRACKET (281) 2 55
tINT (282) 5 6 7 8
tCONST (283) 5 7
tMAIN (284) 1


Nonterminals, with rules where they appear

$accept (30)
    on left: 0
Main (31)
    on left: 1, on right: 0
Block (32)
    on left: 2, on right: 1
Declarations (33)
    on left: 3 4, on right: 2 3
Declaration (34)
    on left: 5 6 7 8, on right: 3 52
AssignmentInt (35)
    on left: 9 10 11 12 13 14 15 16 17 18 19 20 21 22,
    on right: 8 9 10 11 14 15 18 19
AssignmentConst (36)
    on left: 23 24 25 26 27 28, on right: 7 23 24 25
Assignment (37)
    on left: 29 30 31 32 33 34, on right: 29 30 31 60 61 62 63 64 65
    66
Instructions (38)
    on left: 35 36, on right: 2 35 55
Instruction (39)
    on left: 37 38, on right: 35
Operation (40)
    on left: 39 40 41 42 43 44 45 46 47 48, on right: 37 39 40 41 42
    43 44 45
Statement (41)
    on left: 49 50 51 52 53, on right: 38 54 56
While (42)
    on left: 54 55, on right: 49
If (43)
    on left: 56, on right: 50
Printf (44)
    on left: 57, on right: 51
Expressions (45)
    on left: 58 59, on right: 54 55 58
Expression (46)
    on left: 60 61 62 63 64 65 66, on right: 56 58


state 0

    0 $accept: . Main $end

    tMAIN  shift, and go to state 1

    Main  go to state 2


state 1

    1 Main: tMAIN . Block

    tOBRACKET  shift, and go to state 3

    Block  go to state 4


state 2

    0 $accept: Main . $end

    $end  shift, and go to state 5


state 3

    2 Block: tOBRACKET . Declarations Instructions tCBRACKET

    tINT    shift, and go to state 6
    tCONST  shift, and go to state 7

    tINT      [reduce using rule 4 (Declarations)]
    tCONST    [reduce using rule 4 (Declarations)]
    $default  reduce using rule 4 (Declarations)

    Declarations  go to state 8
    Declaration   go to state 9


state 4

    1 Main: tMAIN Block .

    $default  reduce using rule 1 (Main)


state 5

    0 $accept: Main $end .

    $default  accept


state 6

    6 Declaration: tINT . tVAR tSEMICOLON
    8            | tINT . AssignmentInt tSEMICOLON

    tVAR  shift, and go to state 10

    AssignmentInt  go to state 11


state 7

    5 Declaration: tCONST . tINT tVAR tSEMICOLON
    7            | tCONST . tINT AssignmentConst tSEMICOLON

    tINT  shift, and go to state 12


state 8

    2 Block: tOBRACKET Declarations . Instructions tCBRACKET

    tVAR        shift, and go to state 13
    tNUM        shift, and go to state 14
    tEXPO       shift, and go to state 15
    tOPAR       shift, and go to state 16
    tSEMICOLON  shift, and go to state 17
    tLESS       shift, and go to state 18
    tWHILE      shift, and go to state 19
    tIF         shift, and go to state 20
    tPRINTF     shift, and go to state 21
    tINT        shift, and go to state 6
    tCONST      shift, and go to state 7

    $default  reduce using rule 36 (Instructions)

    Declaration   go to state 22
    Instructions  go to state 23
    Instruction   go to state 24
    Operation     go to state 25
    Statement     go to state 26
    While         go to state 27
    If            go to state 28
    Printf        go to state 29


state 9

    3 Declarations: Declaration . Declarations

    tINT    shift, and go to state 6
    tCONST  shift, and go to state 7

    tINT      [reduce using rule 4 (Declarations)]
    tCONST    [reduce using rule 4 (Declarations)]
    $default  reduce using rule 4 (Declarations)

    Declarations  go to state 30
    Declaration   go to state 9


state 10

    6 Declaration: tINT tVAR . tSEMICOLON
    9 AssignmentInt: tVAR . tVIR AssignmentInt
   10              | tVAR . tEQ tVAR tVIR AssignmentInt
   11              | tVAR . tEQ tLESS tVAR tVIR AssignmentInt
   12              | tVAR . tEQ tVAR
   13              | tVAR . tEQ tLESS tVAR
   14              | tVAR . tEQ tNUM tVIR AssignmentInt
   15              | tVAR . tEQ tLESS tNUM tVIR AssignmentInt
   16              | tVAR . tEQ tNUM
   17              | tVAR . tEQ tLESS tNUM
   18              | tVAR . tEQ tEXPO tVIR AssignmentInt
   19              | tVAR . tEQ tLESS tEXPO tVIR AssignmentInt
   20              | tVAR . tEQ tEXPO
   21              | tVAR . tEQ tLESS tEXPO
   22              | tVAR .

    tVIR        shift, and go to state 31
    tSEMICOLON  shift, and go to state 32
    tEQ         shift, and go to state 33

    tSEMICOLON  [reduce using rule 22 (AssignmentInt)]


state 11

    8 Declaration: tINT AssignmentInt . tSEMICOLON

    tSEMICOLON  shift, and go to state 34


state 12

    5 Declaration: tCONST tINT . tVAR tSEMICOLON
    7            | tCONST tINT . AssignmentConst tSEMICOLON

    tVAR   shift, and go to state 35
    tNUM   shift, and go to state 36
    tEXPO  shift, and go to state 37

    AssignmentConst  go to state 38


state 13

   44 Operation: tVAR . tEQ Operation
   47          | tVAR .

    tEQ  shift, and go to state 39

    $default  reduce using rule 47 (Operation)


state 14

   46 Operation: tNUM .

    $default  reduce using rule 46 (Operation)


state 15

   48 Operation: tEXPO .

    $default  reduce using rule 48 (Operation)


state 16

   39 Operation: tOPAR . Operation tCPAR

    tVAR   shift, and go to state 13
    tNUM   shift, and go to state 14
    tEXPO  shift, and go to state 15
    tOPAR  shift, and go to state 16
    tLESS  shift, and go to state 18

    Operation  go to state 40


state 17

   53 Statement: tSEMICOLON .

    $default  reduce using rule 53 (Statement)


state 18

   45 Operation: tLESS . Operation

    tVAR   shift, and go to state 13
    tNUM   shift, and go to state 14
    tEXPO  shift, and go to state 15
    tOPAR  shift, and go to state 16
    tLESS  shift, and go to state 18

    Operation  go to state 41


state 19

   54 While: tWHILE . tOPAR Expressions tCPAR Statement
   55      | tWHILE . tOPAR Expressions tCPAR tOBRACKET Instructions tCBRACKET

    tOPAR  shift, and go to state 42


state 20

   56 If: tIF . tOPAR Expression tCPAR Statement

    tOPAR  shift, and go to state 43


state 21

   57 Printf: tPRINTF . tOPAR tVAR tCPAR tSEMICOLON

    tOPAR  shift, and go to state 44


state 22

   52 Statement: Declaration .

    $default  reduce using rule 52 (Statement)


state 23

    2 Block: tOBRACKET Declarations Instructions . tCBRACKET

    tCBRACKET  shift, and go to state 45


state 24

   35 Instructions: Instruction . Instructions

    tVAR        shift, and go to state 13
    tNUM        shift, and go to state 14
    tEXPO       shift, and go to state 15
    tOPAR       shift, and go to state 16
    tSEMICOLON  shift, and go to state 17
    tLESS       shift, and go to state 18
    tWHILE      shift, and go to state 19
    tIF         shift, and go to state 20
    tPRINTF     shift, and go to state 21
    tINT        shift, and go to state 6
    tCONST      shift, and go to state 7

    $default  reduce using rule 36 (Instructions)

    Declaration   go to state 22
    Instructions  go to state 46
    Instruction   go to state 24
    Operation     go to state 25
    Statement     go to state 26
    While         go to state 27
    If            go to state 28
    Printf        go to state 29


state 25

   37 Instruction: Operation . tSEMICOLON
   40 Operation: Operation . tPLUS Operation
   41          | Operation . tLESS Operation
   42          | Operation . tMUL Operation
   43          | Operation . tDIV Operation

    tSEMICOLON  shift, and go to state 47
    tPLUS       shift, and go to state 48
    tLESS       shift, and go to state 49
    tMUL        shift, and go to state 50
    tDIV        shift, and go to state 51


state 26

   38 Instruction: Statement .

    $default  reduce using rule 38 (Instruction)


state 27

   49 Statement: While .

    $default  reduce using rule 49 (Statement)


state 28

   50 Statement: If .

    $default  reduce using rule 50 (Statement)


state 29

   51 Statement: Printf .

    $default  reduce using rule 51 (Statement)


state 30

    3 Declarations: Declaration Declarations .

    $default  reduce using rule 3 (Declarations)


state 31

    9 AssignmentInt: tVAR tVIR . AssignmentInt

    tVAR  shift, and go to state 52

    AssignmentInt  go to state 53


state 32

    6 Declaration: tINT tVAR tSEMICOLON .

    $default  reduce using rule 6 (Declaration)


state 33

   10 AssignmentInt: tVAR tEQ . tVAR tVIR AssignmentInt
   11              | tVAR tEQ . tLESS tVAR tVIR AssignmentInt
   12              | tVAR tEQ . tVAR
   13              | tVAR tEQ . tLESS tVAR
   14              | tVAR tEQ . tNUM tVIR AssignmentInt
   15              | tVAR tEQ . tLESS tNUM tVIR AssignmentInt
   16              | tVAR tEQ . tNUM
   17              | tVAR tEQ . tLESS tNUM
   18              | tVAR tEQ . tEXPO tVIR AssignmentInt
   19              | tVAR tEQ . tLESS tEXPO tVIR AssignmentInt
   20              | tVAR tEQ . tEXPO
   21              | tVAR tEQ . tLESS tEXPO

    tVAR   shift, and go to state 54
    tNUM   shift, and go to state 55
    tEXPO  shift, and go to state 56
    tLESS  shift, and go to state 57


state 34

    8 Declaration: tINT AssignmentInt tSEMICOLON .

    $default  reduce using rule 8 (Declaration)


state 35

    5 Declaration: tCONST tINT tVAR . tSEMICOLON
   24 AssignmentConst: tVAR . tVIR AssignmentConst
   25                | tVAR . tEQ AssignmentConst
   26                | tVAR .

    tVIR        shift, and go to state 58
    tSEMICOLON  shift, and go to state 59
    tEQ         shift, and go to state 60

    tSEMICOLON  [reduce using rule 26 (AssignmentConst)]


state 36

   23 AssignmentConst: tNUM . tVIR AssignmentConst
   28                | tNUM .

    tVIR  shift, and go to state 61

    $default  reduce using rule 28 (AssignmentConst)


state 37

   27 AssignmentConst: tEXPO .

    $default  reduce using rule 27 (AssignmentConst)


state 38

    7 Declaration: tCONST tINT AssignmentConst . tSEMICOLON

    tSEMICOLON  shift, and go to state 62


state 39

   44 Operation: tVAR tEQ . Operation

    tVAR   shift, and go to state 13
    tNUM   shift, and go to state 14
    tEXPO  shift, and go to state 15
    tOPAR  shift, and go to state 16
    tLESS  shift, and go to state 18

    Operation  go to state 63


state 40

   39 Operation: tOPAR Operation . tCPAR
   40          | Operation . tPLUS Operation
   41          | Operation . tLESS Operation
   42          | Operation . tMUL Operation
   43          | Operation . tDIV Operation

    tCPAR  shift, and go to state 64
    tPLUS  shift, and go to state 48
    tLESS  shift, and go to state 49
    tMUL   shift, and go to state 50
    tDIV   shift, and go to state 51


state 41

   40 Operation: Operation . tPLUS Operation
   41          | Operation . tLESS Operation
   42          | Operation . tMUL Operation
   43          | Operation . tDIV Operation
   45          | tLESS Operation .

    tMUL  shift, and go to state 50
    tDIV  shift, and go to state 51

    $default  reduce using rule 45 (Operation)


state 42

   54 While: tWHILE tOPAR . Expressions tCPAR Statement
   55      | tWHILE tOPAR . Expressions tCPAR tOBRACKET Instructions tCBRACKET

    tVAR   shift, and go to state 65
    tNUM   shift, and go to state 66
    tEXPO  shift, and go to state 67

    $default  reduce using rule 59 (Expressions)

    Assignment   go to state 68
    Expressions  go to state 69
    Expression   go to state 70


state 43

   56 If: tIF tOPAR . Expression tCPAR Statement

    tVAR   shift, and go to state 65
    tNUM   shift, and go to state 66
    tEXPO  shift, and go to state 67

    Assignment  go to state 68
    Expression  go to state 71


state 44

   57 Printf: tPRINTF tOPAR . tVAR tCPAR tSEMICOLON

    tVAR  shift, and go to state 72


state 45

    2 Block: tOBRACKET Declarations Instructions tCBRACKET .

    $default  reduce using rule 2 (Block)


state 46

   35 Instructions: Instruction Instructions .

    $default  reduce using rule 35 (Instructions)


state 47

   37 Instruction: Operation tSEMICOLON .

    $default  reduce using rule 37 (Instruction)


state 48

   40 Operation: Operation tPLUS . Operation

    tVAR   shift, and go to state 13
    tNUM   shift, and go to state 14
    tEXPO  shift, and go to state 15
    tOPAR  shift, and go to state 16
    tLESS  shift, and go to state 18

    Operation  go to state 73


state 49

   41 Operation: Operation tLESS . Operation

    tVAR   shift, and go to state 13
    tNUM   shift, and go to state 14
    tEXPO  shift, and go to state 15
    tOPAR  shift, and go to state 16
    tLESS  shift, and go to state 18

    Operation  go to state 74


state 50

   42 Operation: Operation tMUL . Operation

    tVAR   shift, and go to state 13
    tNUM   shift, and go to state 14
    tEXPO  shift, and go to state 15
    tOPAR  shift, and go to state 16
    tLESS  shift, and go to state 18

    Operation  go to state 75


state 51

   43 Operation: Operation tDIV . Operation

    tVAR   shift, and go to state 13
    tNUM   shift, and go to state 14
    tEXPO  shift, and go to state 15
    tOPAR  shift, and go to state 16
    tLESS  shift, and go to state 18

    Operation  go to state 76


state 52

    9 AssignmentInt: tVAR . tVIR AssignmentInt
   10              | tVAR . tEQ tVAR tVIR AssignmentInt
   11              | tVAR . tEQ tLESS tVAR tVIR AssignmentInt
   12              | tVAR . tEQ tVAR
   13              | tVAR . tEQ tLESS tVAR
   14              | tVAR . tEQ tNUM tVIR AssignmentInt
   15              | tVAR . tEQ tLESS tNUM tVIR AssignmentInt
   16              | tVAR . tEQ tNUM
   17              | tVAR . tEQ tLESS tNUM
   18              | tVAR . tEQ tEXPO tVIR AssignmentInt
   19              | tVAR . tEQ tLESS tEXPO tVIR AssignmentInt
   20              | tVAR . tEQ tEXPO
   21              | tVAR . tEQ tLESS tEXPO
   22              | tVAR .

    tVIR  shift, and go to state 31
    tEQ   shift, and go to state 33

    $default  reduce using rule 22 (AssignmentInt)


state 53

    9 AssignmentInt: tVAR tVIR AssignmentInt .

    $default  reduce using rule 9 (AssignmentInt)


state 54

   10 AssignmentInt: tVAR tEQ tVAR . tVIR AssignmentInt
   12              | tVAR tEQ tVAR .

    tVIR  shift, and go to state 77

    $default  reduce using rule 12 (AssignmentInt)


state 55

   14 AssignmentInt: tVAR tEQ tNUM . tVIR AssignmentInt
   16              | tVAR tEQ tNUM .

    tVIR  shift, and go to state 78

    $default  reduce using rule 16 (AssignmentInt)


state 56

   18 AssignmentInt: tVAR tEQ tEXPO . tVIR AssignmentInt
   20              | tVAR tEQ tEXPO .

    tVIR  shift, and go to state 79

    $default  reduce using rule 20 (AssignmentInt)


state 57

   11 AssignmentInt: tVAR tEQ tLESS . tVAR tVIR AssignmentInt
   13              | tVAR tEQ tLESS . tVAR
   15              | tVAR tEQ tLESS . tNUM tVIR AssignmentInt
   17              | tVAR tEQ tLESS . tNUM
   19              | tVAR tEQ tLESS . tEXPO tVIR AssignmentInt
   21              | tVAR tEQ tLESS . tEXPO

    tVAR   shift, and go to state 80
    tNUM   shift, and go to state 81
    tEXPO  shift, and go to state 82


state 58

   24 AssignmentConst: tVAR tVIR . AssignmentConst

    tVAR   shift, and go to state 83
    tNUM   shift, and go to state 36
    tEXPO  shift, and go to state 37

    AssignmentConst  go to state 84


state 59

    5 Declaration: tCONST tINT tVAR tSEMICOLON .

    $default  reduce using rule 5 (Declaration)


state 60

   25 AssignmentConst: tVAR tEQ . AssignmentConst

    tVAR   shift, and go to state 83
    tNUM   shift, and go to state 36
    tEXPO  shift, and go to state 37

    AssignmentConst  go to state 85


state 61

   23 AssignmentConst: tNUM tVIR . AssignmentConst

    tVAR   shift, and go to state 83
    tNUM   shift, and go to state 36
    tEXPO  shift, and go to state 37

    AssignmentConst  go to state 86


state 62

    7 Declaration: tCONST tINT AssignmentConst tSEMICOLON .

    $default  reduce using rule 7 (Declaration)


state 63

   40 Operation: Operation . tPLUS Operation
   41          | Operation . tLESS Operation
   42          | Operation . tMUL Operation
   43          | Operation . tDIV Operation
   44          | tVAR tEQ Operation .

    tPLUS  shift, and go to state 48
    tLESS  shift, and go to state 49
    tMUL   shift, and go to state 50
    tDIV   shift, and go to state 51

    $default  reduce using rule 44 (Operation)


state 64

   39 Operation: tOPAR Operation tCPAR .

    $default  reduce using rule 39 (Operation)


state 65

   30 Assignment: tVAR . tVIR Assignment
   31           | tVAR . tEQ Assignment
   33           | tVAR .

    tVIR  shift, and go to state 87
    tEQ   shift, and go to state 88

    $default  reduce using rule 33 (Assignment)


state 66

   29 Assignment: tNUM . tVIR Assignment
   32           | tNUM .

    tVIR  shift, and go to state 89

    $default  reduce using rule 32 (Assignment)


state 67

   34 Assignment: tEXPO .

    $default  reduce using rule 34 (Assignment)


state 68

   60 Expression: Assignment . tEQUAL Assignment
   61           | Assignment . tNE Assignment
   62           | Assignment . tLE Assignment
   63           | Assignment . tLT Assignment
   64           | Assignment . tGE Assignment
   65           | Assignment . tGT Assignment
   66           | Assignment .

    tLE     shift, and go to state 90
    tLT     shift, and go to state 91
    tGE     shift, and go to state 92
    tGT     shift, and go to state 93
    tNE     shift, and go to state 94
    tEQUAL  shift, and go to state 95

    $default  reduce using rule 66 (Expression)


state 69

   54 While: tWHILE tOPAR Expressions . tCPAR Statement
   55      | tWHILE tOPAR Expressions . tCPAR tOBRACKET Instructions tCBRACKET

    tCPAR  shift, and go to state 96


state 70

   58 Expressions: Expression . Expressions

    tVAR   shift, and go to state 65
    tNUM   shift, and go to state 66
    tEXPO  shift, and go to state 67

    $default  reduce using rule 59 (Expressions)

    Assignment   go to state 68
    Expressions  go to state 97
    Expression   go to state 70


state 71

   56 If: tIF tOPAR Expression . tCPAR Statement

    tCPAR  shift, and go to state 98


state 72

   57 Printf: tPRINTF tOPAR tVAR . tCPAR tSEMICOLON

    tCPAR  shift, and go to state 99


state 73

   40 Operation: Operation . tPLUS Operation
   40          | Operation tPLUS Operation .
   41          | Operation . tLESS Operation
   42          | Operation . tMUL Operation
   43          | Operation . tDIV Operation

    tMUL  shift, and go to state 50
    tDIV  shift, and go to state 51

    $default  reduce using rule 40 (Operation)


state 74

   40 Operation: Operation . tPLUS Operation
   41          | Operation . tLESS Operation
   41          | Operation tLESS Operation .
   42          | Operation . tMUL Operation
   43          | Operation . tDIV Operation

    tMUL  shift, and go to state 50
    tDIV  shift, and go to state 51

    $default  reduce using rule 41 (Operation)


state 75

   40 Operation: Operation . tPLUS Operation
   41          | Operation . tLESS Operation
   42          | Operation . tMUL Operation
   42          | Operation tMUL Operation .
   43          | Operation . tDIV Operation

    $default  reduce using rule 42 (Operation)


state 76

   40 Operation: Operation . tPLUS Operation
   41          | Operation . tLESS Operation
   42          | Operation . tMUL Operation
   43          | Operation . tDIV Operation
   43          | Operation tDIV Operation .

    $default  reduce using rule 43 (Operation)


state 77

   10 AssignmentInt: tVAR tEQ tVAR tVIR . AssignmentInt

    tVAR  shift, and go to state 52

    AssignmentInt  go to state 100


state 78

   14 AssignmentInt: tVAR tEQ tNUM tVIR . AssignmentInt

    tVAR  shift, and go to state 52

    AssignmentInt  go to state 101


state 79

   18 AssignmentInt: tVAR tEQ tEXPO tVIR . AssignmentInt

    tVAR  shift, and go to state 52

    AssignmentInt  go to state 102


state 80

   11 AssignmentInt: tVAR tEQ tLESS tVAR . tVIR AssignmentInt
   13              | tVAR tEQ tLESS tVAR .

    tVIR  shift, and go to state 103

    $default  reduce using rule 13 (AssignmentInt)


state 81

   15 AssignmentInt: tVAR tEQ tLESS tNUM . tVIR AssignmentInt
   17              | tVAR tEQ tLESS tNUM .

    tVIR  shift, and go to state 104

    $default  reduce using rule 17 (AssignmentInt)


state 82

   19 AssignmentInt: tVAR tEQ tLESS tEXPO . tVIR AssignmentInt
   21              | tVAR tEQ tLESS tEXPO .

    tVIR  shift, and go to state 105

    $default  reduce using rule 21 (AssignmentInt)


state 83

   24 AssignmentConst: tVAR . tVIR AssignmentConst
   25                | tVAR . tEQ AssignmentConst
   26                | tVAR .

    tVIR  shift, and go to state 58
    tEQ   shift, and go to state 60

    $default  reduce using rule 26 (AssignmentConst)


state 84

   24 AssignmentConst: tVAR tVIR AssignmentConst .

    $default  reduce using rule 24 (AssignmentConst)


state 85

   25 AssignmentConst: tVAR tEQ AssignmentConst .

    $default  reduce using rule 25 (AssignmentConst)


state 86

   23 AssignmentConst: tNUM tVIR AssignmentConst .

    $default  reduce using rule 23 (AssignmentConst)


state 87

   30 Assignment: tVAR tVIR . Assignment

    tVAR   shift, and go to state 65
    tNUM   shift, and go to state 66
    tEXPO  shift, and go to state 67

    Assignment  go to state 106


state 88

   31 Assignment: tVAR tEQ . Assignment

    tVAR   shift, and go to state 65
    tNUM   shift, and go to state 66
    tEXPO  shift, and go to state 67

    Assignment  go to state 107


state 89

   29 Assignment: tNUM tVIR . Assignment

    tVAR   shift, and go to state 65
    tNUM   shift, and go to state 66
    tEXPO  shift, and go to state 67

    Assignment  go to state 108


state 90

   62 Expression: Assignment tLE . Assignment

    tVAR   shift, and go to state 65
    tNUM   shift, and go to state 66
    tEXPO  shift, and go to state 67

    Assignment  go to state 109


state 91

   63 Expression: Assignment tLT . Assignment

    tVAR   shift, and go to state 65
    tNUM   shift, and go to state 66
    tEXPO  shift, and go to state 67

    Assignment  go to state 110


state 92

   64 Expression: Assignment tGE . Assignment

    tVAR   shift, and go to state 65
    tNUM   shift, and go to state 66
    tEXPO  shift, and go to state 67

    Assignment  go to state 111


state 93

   65 Expression: Assignment tGT . Assignment

    tVAR   shift, and go to state 65
    tNUM   shift, and go to state 66
    tEXPO  shift, and go to state 67

    Assignment  go to state 112


state 94

   61 Expression: Assignment tNE . Assignment

    tVAR   shift, and go to state 65
    tNUM   shift, and go to state 66
    tEXPO  shift, and go to state 67

    Assignment  go to state 113


state 95

   60 Expression: Assignment tEQUAL . Assignment

    tVAR   shift, and go to state 65
    tNUM   shift, and go to state 66
    tEXPO  shift, and go to state 67

    Assignment  go to state 114


state 96

   54 While: tWHILE tOPAR Expressions tCPAR . Statement
   55      | tWHILE tOPAR Expressions tCPAR . tOBRACKET Instructions tCBRACKET

    tSEMICOLON  shift, and go to state 17
    tWHILE      shift, and go to state 19
    tIF         shift, and go to state 20
    tPRINTF     shift, and go to state 21
    tOBRACKET   shift, and go to state 115
    tINT        shift, and go to state 6
    tCONST      shift, and go to state 7

    Declaration  go to state 22
    Statement    go to state 116
    While        go to state 27
    If           go to state 28
    Printf       go to state 29


state 97

   58 Expressions: Expression Expressions .

    $default  reduce using rule 58 (Expressions)


state 98

   56 If: tIF tOPAR Expression tCPAR . Statement

    tSEMICOLON  shift, and go to state 17
    tWHILE      shift, and go to state 19
    tIF         shift, and go to state 20
    tPRINTF     shift, and go to state 21
    tINT        shift, and go to state 6
    tCONST      shift, and go to state 7

    Declaration  go to state 22
    Statement    go to state 117
    While        go to state 27
    If           go to state 28
    Printf       go to state 29


state 99

   57 Printf: tPRINTF tOPAR tVAR tCPAR . tSEMICOLON

    tSEMICOLON  shift, and go to state 118


state 100

   10 AssignmentInt: tVAR tEQ tVAR tVIR AssignmentInt .

    $default  reduce using rule 10 (AssignmentInt)


state 101

   14 AssignmentInt: tVAR tEQ tNUM tVIR AssignmentInt .

    $default  reduce using rule 14 (AssignmentInt)


state 102

   18 AssignmentInt: tVAR tEQ tEXPO tVIR AssignmentInt .

    $default  reduce using rule 18 (AssignmentInt)


state 103

   11 AssignmentInt: tVAR tEQ tLESS tVAR tVIR . AssignmentInt

    tVAR  shift, and go to state 52

    AssignmentInt  go to state 119


state 104

   15 AssignmentInt: tVAR tEQ tLESS tNUM tVIR . AssignmentInt

    tVAR  shift, and go to state 52

    AssignmentInt  go to state 120


state 105

   19 AssignmentInt: tVAR tEQ tLESS tEXPO tVIR . AssignmentInt

    tVAR  shift, and go to state 52

    AssignmentInt  go to state 121


state 106

   30 Assignment: tVAR tVIR Assignment .

    $default  reduce using rule 30 (Assignment)


state 107

   31 Assignment: tVAR tEQ Assignment .

    $default  reduce using rule 31 (Assignment)


state 108

   29 Assignment: tNUM tVIR Assignment .

    $default  reduce using rule 29 (Assignment)


state 109

   62 Expression: Assignment tLE Assignment .

    $default  reduce using rule 62 (Expression)


state 110

   63 Expression: Assignment tLT Assignment .

    $default  reduce using rule 63 (Expression)


state 111

   64 Expression: Assignment tGE Assignment .

    $default  reduce using rule 64 (Expression)


state 112

   65 Expression: Assignment tGT Assignment .

    $default  reduce using rule 65 (Expression)


state 113

   61 Expression: Assignment tNE Assignment .

    $default  reduce using rule 61 (Expression)


state 114

   60 Expression: Assignment tEQUAL Assignment .

    $default  reduce using rule 60 (Expression)


state 115

   55 While: tWHILE tOPAR Expressions tCPAR tOBRACKET . Instructions tCBRACKET

    tVAR        shift, and go to state 13
    tNUM        shift, and go to state 14
    tEXPO       shift, and go to state 15
    tOPAR       shift, and go to state 16
    tSEMICOLON  shift, and go to state 17
    tLESS       shift, and go to state 18
    tWHILE      shift, and go to state 19
    tIF         shift, and go to state 20
    tPRINTF     shift, and go to state 21
    tINT        shift, and go to state 6
    tCONST      shift, and go to state 7

    $default  reduce using rule 36 (Instructions)

    Declaration   go to state 22
    Instructions  go to state 122
    Instruction   go to state 24
    Operation     go to state 25
    Statement     go to state 26
    While         go to state 27
    If            go to state 28
    Printf        go to state 29


state 116

   54 While: tWHILE tOPAR Expressions tCPAR Statement .

    $default  reduce using rule 54 (While)


state 117

   56 If: tIF tOPAR Expression tCPAR Statement .

    $default  reduce using rule 56 (If)


state 118

   57 Printf: tPRINTF tOPAR tVAR tCPAR tSEMICOLON .

    $default  reduce using rule 57 (Printf)


state 119

   11 AssignmentInt: tVAR tEQ tLESS tVAR tVIR AssignmentInt .

    $default  reduce using rule 11 (AssignmentInt)


state 120

   15 AssignmentInt: tVAR tEQ tLESS tNUM tVIR AssignmentInt .

    $default  reduce using rule 15 (AssignmentInt)


state 121

   19 AssignmentInt: tVAR tEQ tLESS tEXPO tVIR AssignmentInt .

    $default  reduce using rule 19 (AssignmentInt)


state 122

   55 While: tWHILE tOPAR Expressions tCPAR tOBRACKET Instructions . tCBRACKET

    tCBRACKET  shift, and go to state 123


state 123

   55 While: tWHILE tOPAR Expressions tCPAR tOBRACKET Instructions tCBRACKET .

    $default  reduce using rule 55 (While)
